<?xml version="1.0" encoding="UTF-8"?>
<!-- Generated by org.testng.reporters.JUnitXMLReporter -->
<testsuite ignored="0" hostname="LAPTOP-9CD0R3BI" failures="0" tests="3" name="Smoke test" time="35.181" errors="0" timestamp="2020-04-10T08:12:05 EDT">
  <testcase classname="com.weborders.tests.SmokeTest" name="smokeTest" time="4.55"/>
  <testcase classname="com.weborders.tests.SmokeTest" name="smokeTest" time="4.477"/>
  <testcase classname="com.weborders.tests.SmokeTest" name="smokeTest" time="4.621"/>
</testsuite> <!-- Smoke test -->
