<?xml version="1.0" encoding="UTF-8"?>
<!-- Generated by org.testng.reporters.JUnitXMLReporter -->
<testsuite ignored="0" hostname="LAPTOP-9CD0R3BI" failures="0" tests="3" name="Smoke test" time="35.301" errors="0" timestamp="2020-04-06T09:26:16 EDT">
  <testcase classname="com.weborders.tests.SmokeTest" name="smokeTest" time="4.591"/>
  <testcase classname="com.weborders.tests.SmokeTest" name="smokeTest" time="4.574"/>
  <testcase classname="com.weborders.tests.SmokeTest" name="smokeTest" time="4.545"/>
</testsuite> <!-- Smoke test -->
