<?xml version="1.0" encoding="UTF-8"?>
<testng-results ignored="0" total="3" passed="3" failed="0" skipped="0">
  <reporter-output>
  </reporter-output>
  <suite started-at="2020-04-10T08:11:30 EDT" name="Smoke" finished-at="2020-04-10T08:12:05 EDT" duration-ms="35181">
    <groups>
    </groups>
    <test started-at="2020-04-10T08:11:30 EDT" name="Smoke test" finished-at="2020-04-10T08:12:05 EDT" duration-ms="35181">
      <class name="com.weborders.tests.SmokeTest">
        <test-method is-config="true" signature="beforeTest()[pri:0, instance:com.weborders.tests.SmokeTest@20d3d15a]" started-at="2020-04-10T08:11:30 EDT" name="beforeTest" finished-at="2020-04-10T08:11:30 EDT" duration-ms="73" status="PASS">
          <reporter-output>
          </reporter-output>
        </test-method> <!-- beforeTest -->
        <test-method is-config="true" signature="setup()[pri:0, instance:com.weborders.tests.SmokeTest@20d3d15a]" started-at="2020-04-10T08:11:30 EDT" name="setup" finished-at="2020-04-10T08:11:34 EDT" duration-ms="3851" status="PASS">
          <reporter-output>
          </reporter-output>
        </test-method> <!-- setup -->
        <test-method signature="smokeTest(java.lang.String, java.lang.String)[pri:0, instance:com.weborders.tests.SmokeTest@20d3d15a]" started-at="2020-04-10T08:11:34 EDT" name="smokeTest" data-provider="smokeTestData" finished-at="2020-04-10T08:11:38 EDT" duration-ms="4550" status="PASS">
          <params>
            <param index="0">
              <value>
                <![CDATA[View all orders]]>
              </value>
            </param>
            <param index="1">
              <value>
                <![CDATA[List of All Orders]]>
              </value>
            </param>
          </params>
          <reporter-output>
          </reporter-output>
        </test-method> <!-- smokeTest -->
        <test-method is-config="true" signature="teardown(org.testng.ITestResult)[pri:0, instance:com.weborders.tests.SmokeTest@20d3d15a]" started-at="2020-04-10T08:11:38 EDT" name="teardown" finished-at="2020-04-10T08:11:42 EDT" duration-ms="3626" status="PASS">
          <params>
            <param index="0">
              <value>
                <![CDATA[[TestResult name=smokeTest status=SUCCESS method=SmokeTest.smokeTest(java.lang.String, java.lang.String)[pri:0, instance:com.weborders.tests.SmokeTest@20d3d15a] output={null}]]]>
              </value>
            </param>
          </params>
          <reporter-output>
          </reporter-output>
        </test-method> <!-- teardown -->
        <test-method is-config="true" signature="setup()[pri:0, instance:com.weborders.tests.SmokeTest@20d3d15a]" started-at="2020-04-10T08:11:42 EDT" name="setup" finished-at="2020-04-10T08:11:45 EDT" duration-ms="3310" status="PASS">
          <reporter-output>
          </reporter-output>
        </test-method> <!-- setup -->
        <test-method signature="smokeTest(java.lang.String, java.lang.String)[pri:0, instance:com.weborders.tests.SmokeTest@20d3d15a]" started-at="2020-04-10T08:11:45 EDT" name="smokeTest" data-provider="smokeTestData" finished-at="2020-04-10T08:11:50 EDT" duration-ms="4477" status="PASS">
          <params>
            <param index="0">
              <value>
                <![CDATA[View all products]]>
              </value>
            </param>
            <param index="1">
              <value>
                <![CDATA[List of Products]]>
              </value>
            </param>
          </params>
          <reporter-output>
          </reporter-output>
        </test-method> <!-- smokeTest -->
        <test-method is-config="true" signature="teardown(org.testng.ITestResult)[pri:0, instance:com.weborders.tests.SmokeTest@20d3d15a]" started-at="2020-04-10T08:11:50 EDT" name="teardown" finished-at="2020-04-10T08:11:53 EDT" duration-ms="3631" status="PASS">
          <params>
            <param index="0">
              <value>
                <![CDATA[[TestResult name=smokeTest status=SUCCESS method=SmokeTest.smokeTest(java.lang.String, java.lang.String)[pri:0, instance:com.weborders.tests.SmokeTest@20d3d15a] output={null}]]]>
              </value>
            </param>
          </params>
          <reporter-output>
          </reporter-output>
        </test-method> <!-- teardown -->
        <test-method is-config="true" signature="setup()[pri:0, instance:com.weborders.tests.SmokeTest@20d3d15a]" started-at="2020-04-10T08:11:53 EDT" name="setup" finished-at="2020-04-10T08:11:57 EDT" duration-ms="3384" status="PASS">
          <reporter-output>
          </reporter-output>
        </test-method> <!-- setup -->
        <test-method signature="smokeTest(java.lang.String, java.lang.String)[pri:0, instance:com.weborders.tests.SmokeTest@20d3d15a]" started-at="2020-04-10T08:11:57 EDT" name="smokeTest" data-provider="smokeTestData" finished-at="2020-04-10T08:12:01 EDT" duration-ms="4621" status="PASS">
          <params>
            <param index="0">
              <value>
                <![CDATA[Order]]>
              </value>
            </param>
            <param index="1">
              <value>
                <![CDATA[Order]]>
              </value>
            </param>
          </params>
          <reporter-output>
          </reporter-output>
        </test-method> <!-- smokeTest -->
        <test-method is-config="true" signature="teardown(org.testng.ITestResult)[pri:0, instance:com.weborders.tests.SmokeTest@20d3d15a]" started-at="2020-04-10T08:12:01 EDT" name="teardown" finished-at="2020-04-10T08:12:05 EDT" duration-ms="3636" status="PASS">
          <params>
            <param index="0">
              <value>
                <![CDATA[[TestResult name=smokeTest status=SUCCESS method=SmokeTest.smokeTest(java.lang.String, java.lang.String)[pri:0, instance:com.weborders.tests.SmokeTest@20d3d15a] output={null}]]]>
              </value>
            </param>
          </params>
          <reporter-output>
          </reporter-output>
        </test-method> <!-- teardown -->
        <test-method is-config="true" signature="afterTest()[pri:0, instance:com.weborders.tests.SmokeTest@20d3d15a]" started-at="2020-04-10T08:12:05 EDT" name="afterTest" finished-at="2020-04-10T08:12:05 EDT" duration-ms="0" status="PASS">
          <reporter-output>
          </reporter-output>
        </test-method> <!-- afterTest -->
      </class> <!-- com.weborders.tests.SmokeTest -->
    </test> <!-- Smoke test -->
  </suite> <!-- Smoke -->
</testng-results>
